info it worked if it ends with ok
verbose cli [ 'node',
verbose cli   '/home/pushok/.nvm/v0.6.10/bin/npm',
verbose cli   'install',
verbose cli   'v0.8.23' ]
info using npm@1.1.0-3
info using node@v0.6.10
verbose config file /home/pushok/.npmrc
verbose config file /home/pushok/.nvm/v0.6.10/etc/npmrc
verbose config file /home/pushok/.nvm/v0.6.10/lib/node_modules/npm/npmrc
verbose caching /home/pushok/work/skilap/package.json
verbose loadDefaults application-name@0.0.1
verbose caching /home/pushok/work/skilap/node_modules/skilap-connect/package.json
verbose loadDefaults skilap-connect@0.0.1
verbose caching /home/pushok/work/skilap/node_modules/temp/package.json
verbose loadDefaults temp@0.4.0
verbose caching /home/pushok/work/skilap/node_modules/send/package.json
verbose loadDefaults send@0.1.0
verbose caching /home/pushok/work/skilap/node_modules/mongodb/package.json
verbose loadDefaults mongodb@1.2.14
verbose caching /home/pushok/work/skilap/node_modules/async/package.json
verbose loadDefaults async@0.1.15
verbose caching /home/pushok/work/skilap/node_modules/mime/package.json
verbose loadDefaults mime@1.2.4
verbose caching /home/pushok/work/skilap/node_modules/skilap-core/package.json
verbose loadDefaults skilap-core@0.0.1
verbose caching /home/pushok/work/skilap/node_modules/connect/package.json
verbose loadDefaults connect@1.8.5
verbose caching /home/pushok/work/skilap/node_modules/hogan.js/package.json
verbose loadDefaults hogan.js@2.0.0
verbose caching /home/pushok/work/skilap/node_modules/safe/package.json
verbose loadDefaults safe@0.0.9
verbose caching /home/pushok/work/skilap/node_modules/qs/package.json
verbose loadDefaults qs@0.4.2
verbose caching /home/pushok/work/skilap/node_modules/skilap-tasks/package.json
verbose loadDefaults skilap-tasksweb@0.0.1
verbose caching /home/pushok/work/skilap/node_modules/cookies/package.json
verbose loadDefaults cookies@0.2.1
verbose caching /home/pushok/work/skilap/node_modules/express/package.json
verbose loadDefaults express@3.1.2
verbose caching /home/pushok/work/skilap/node_modules/underscore/package.json
verbose loadDefaults underscore@1.3.3
verbose caching /home/pushok/work/skilap/node_modules/handlebars/package.json
verbose loadDefaults handlebars@1.0.10
verbose caching /home/pushok/work/skilap/node_modules/jsorm-i18n/package.json
verbose loadDefaults jsorm-i18n@2.0.4
verbose caching /home/pushok/work/skilap/node_modules/step/package.json
verbose loadDefaults step@0.0.5
verbose caching /home/pushok/work/skilap/node_modules/less-middleware/package.json
verbose loadDefaults less-middleware@0.1.11
verbose caching /home/pushok/work/skilap/node_modules/lodash/package.json
verbose loadDefaults lodash@1.1.1
verbose caching /home/pushok/work/skilap/node_modules/carrier/package.json
verbose loadDefaults carrier@0.1.6
verbose caching /home/pushok/work/skilap/node_modules/alfred/package.json
verbose loadDefaults alfred@0.5.6
verbose caching /home/pushok/work/skilap/node_modules/tinyhook/package.json
verbose loadDefaults tinyhook@0.0.5
verbose caching /home/pushok/work/skilap/node_modules/node-inspector/package.json
verbose loadDefaults node-inspector@0.1.10
verbose caching /home/pushok/work/skilap/node_modules/skilap-cash/package.json
verbose loadDefaults skilap-cashweb@0.0.1
verbose caching /home/pushok/work/skilap/node_modules/sprintf/package.json
verbose loadDefaults sprintf@0.1.1
verbose caching /home/pushok/work/skilap/node_modules/validator/package.json
verbose loadDefaults validator@0.4.6-2
verbose caching /home/pushok/work/skilap/node_modules/crc/package.json
verbose loadDefaults crc@0.1.0
verbose caching /home/pushok/work/skilap/node_modules/tingodb/package.json
verbose loadDefaults tingodb@0.0.6
verbose caching /home/pushok/work/skilap/node_modules/dateformatjs/package.json
verbose loadDefaults dateformatjs@0.0.6
verbose has wscript [ undefined,
verbose has wscript   { file: '/home/pushok/work/skilap/node_modules/v8-profiler/package.json',
verbose has wscript     contributors: false,
verbose has wscript     serverjs: false,
verbose has wscript     wscript: true } ]
verbose caching /home/pushok/work/skilap/node_modules/v8-profiler/package.json
verbose loadDefaults v8-profiler@3.6.2beta2
verbose caching /home/pushok/work/skilap/node_modules/sax/package.json
verbose loadDefaults sax@0.3.5
verbose from cache /home/pushok/work/skilap/package.json
verbose cache add [ 'v0.8.23', null ]
silly cache add: name, spec, args [ undefined, 'v0.8.23', [ 'v0.8.23', null ] ]
verbose parsed url { pathname: 'v0.8.23', path: 'v0.8.23', href: 'v0.8.23' }
verbose addNamed [ 'v0.8.23', '' ]
verbose addNamed [ null, '' ]
silly name, range, hasData [ 'v0.8.23', '', false ]
verbose raw, before any munging v0.8.23
verbose url resolving [ 'https://registry.npmjs.org/', './v0.8.23' ]
verbose url resolved https://registry.npmjs.org/v0.8.23
http GET https://registry.npmjs.org/v0.8.23
http 404 https://registry.npmjs.org/v0.8.23
silly get cb [ 404,
silly get cb   { server: 'CouchDB/1.3.0 (Erlang OTP/R15B03)',
silly get cb     date: 'Mon, 15 Apr 2013 15:29:31 GMT',
silly get cb     'content-type': 'application/json',
silly get cb     'content-length': '52',
silly get cb     'cache-control': 'must-revalidate' } ]
ERR! 404 'v0.8.23' is not in the npm registry.
ERR! 404 You should bug the author to publish it
ERR! 404 Note that you can also install from a
ERR! 404 tarball, folder, or http url, or git url.
ERR! 
ERR! System Linux 2.6.32-43-generic
ERR! command "node" "/home/pushok/.nvm/v0.6.10/bin/npm" "install" "v0.8.23"
ERR! cwd /home/pushok/work/skilap
ERR! node -v v0.6.10
ERR! npm -v 1.1.0-3
ERR! code E404
ERR! message 404 Not Found: v0.8.23
ERR! errno {}
verbose exit [ 1, true ]
